  Game.cpp
C:\VisualStudio\Pong_SFML\Src\Game.cpp(94,63): warning C4244: 'argument': conversion from 'T' to 'T', possible loss of data
          with
          [
              T=int
          ]
          and
          [
              T=float
          ]
C:\VisualStudio\Pong_SFML\Src\Game.cpp(94,51): warning C4244: 'argument': conversion from 'T' to 'T', possible loss of data
          with
          [
              T=int
          ]
          and
          [
              T=float
          ]
C:\VisualStudio\Pong_SFML\Src\Game.cpp(109,63): warning C4244: 'argument': conversion from 'T' to 'T', possible loss of data
          with
          [
              T=int
          ]
          and
          [
              T=float
          ]
C:\VisualStudio\Pong_SFML\Src\Game.cpp(109,51): warning C4244: 'argument': conversion from 'T' to 'T', possible loss of data
          with
          [
              T=int
          ]
          and
          [
              T=float
          ]
C:\VisualStudio\Pong_SFML\Src\Game.cpp(245,69): warning C4244: 'argument': conversion from 'T' to 'T', possible loss of data
          with
          [
              T=int
          ]
          and
          [
              T=float
          ]
C:\VisualStudio\Pong_SFML\Src\Game.cpp(245,57): warning C4244: 'argument': conversion from 'T' to 'T', possible loss of data
          with
          [
              T=int
          ]
          and
          [
              T=float
          ]
C:\VisualStudio\Pong_SFML\Src\Game.cpp(282,69): warning C4244: 'argument': conversion from 'T' to 'T', possible loss of data
          with
          [
              T=int
          ]
          and
          [
              T=float
          ]
C:\VisualStudio\Pong_SFML\Src\Game.cpp(282,57): warning C4244: 'argument': conversion from 'T' to 'T', possible loss of data
          with
          [
              T=int
          ]
          and
          [
              T=float
          ]
  Main.cpp
  Generating Code...
  Src.vcxproj -> C:\VisualStudio\Pong_SFML\Src\Debug\Src.exe
